
2020-12-07,04:11:04 Installing kerberos RPMs
Last metadata expiration check: 0:01:00 ago on Mon 07 Dec 2020 04:10:05 AM UTC.
Package krb5-libs-1.18.2-5.el8.x86_64 is already installed.
Dependencies resolved.
================================================================================
 Package             Arch     Version           Repository                 Size
================================================================================
Installing:
 krb5-server         x86_64   1.18.2-5.el8      rhel-8-baseos-rhui-rpms   1.1 M
 krb5-workstation    x86_64   1.18.2-5.el8      rhel-8-baseos-rhui-rpms   955 k
Installing dependencies:
 libkadm5            x86_64   1.18.2-5.el8      rhel-8-baseos-rhui-rpms   185 k
 libverto-libevent   x86_64   0.3.0-5.el8       rhel-8-baseos-rhui-rpms    16 k
 words               noarch   3.0-28.el8        rhel-8-baseos-rhui-rpms   1.4 M

Transaction Summary
================================================================================
Install  5 Packages

Total download size: 3.6 M
Installed size: 9.6 M
Downloading Packages:
(1/5): libverto-libevent-0.3.0-5.el8.x86_64.rpm 119 kB/s |  16 kB     00:00    
(2/5): krb5-server-1.18.2-5.el8.x86_64.rpm      5.5 MB/s | 1.1 MB     00:00    
(3/5): words-3.0-28.el8.noarch.rpm              6.7 MB/s | 1.4 MB     00:00    
(4/5): libkadm5-1.18.2-5.el8.x86_64.rpm         1.6 MB/s | 185 kB     00:00    
(5/5): krb5-workstation-1.18.2-5.el8.x86_64.rpm 6.4 MB/s | 955 kB     00:00    
--------------------------------------------------------------------------------
Total                                           9.4 MB/s | 3.6 MB     00:00     
Running transaction check
Transaction check succeeded.
Running transaction test
Transaction test succeeded.
Running transaction
  Preparing        :                                                        1/1 
  Installing       : libkadm5-1.18.2-5.el8.x86_64                           1/5 
  Installing       : words-3.0-28.el8.noarch                                2/5 
  Installing       : libverto-libevent-0.3.0-5.el8.x86_64                   3/5 
  Installing       : krb5-server-1.18.2-5.el8.x86_64                        4/5 
  Running scriptlet: krb5-server-1.18.2-5.el8.x86_64                        4/5 
  Installing       : krb5-workstation-1.18.2-5.el8.x86_64                   5/5 
  Running scriptlet: krb5-workstation-1.18.2-5.el8.x86_64                   5/5 
  Verifying        : libverto-libevent-0.3.0-5.el8.x86_64                   1/5 
  Verifying        : words-3.0-28.el8.noarch                                2/5 
  Verifying        : krb5-server-1.18.2-5.el8.x86_64                        3/5 
  Verifying        : libkadm5-1.18.2-5.el8.x86_64                           4/5 
  Verifying        : krb5-workstation-1.18.2-5.el8.x86_64                   5/5 

Installed:
  krb5-server-1.18.2-5.el8.x86_64      krb5-workstation-1.18.2-5.el8.x86_64     
  libkadm5-1.18.2-5.el8.x86_64         libverto-libevent-0.3.0-5.el8.x86_64     
  words-3.0-28.el8.noarch             

Complete!

2020-12-07,04:11:09 Configuring Kerberos
Loading random data
Initializing database '/var/kerberos/krb5kdc/principal' for realm 'US-EAST-2.COMPUTE.INTERNAL',
master key name 'K/M@US-EAST-2.COMPUTE.INTERNAL'

2020-12-07,04:11:09 Starting KDC services

2020-12-07,04:11:10 Creating admin principal
Authenticating as principal root/admin@US-EAST-2.COMPUTE.INTERNAL with password.
Principal "admin/admin@US-EAST-2.COMPUTE.INTERNAL" created.

2020-12-07,04:11:10 Restarting kadmin
